!SESSION 2014-01-27 15:11:45.951 -----------------------------------------------
eclipse.buildId=4.3.0.M20130911-1000
java.version=1.6.0_65
java.vendor=Apple Inc.
BootLoader constants: OS=macosx, ARCH=x86, WS=cocoa, NL=en_US
Framework arguments:  -product org.eclipse.epp.package.standard.product -keyring /Users/Evan/.eclipse_keyring -showlocation
Command-line arguments:  -os macosx -ws cocoa -arch x86 -product org.eclipse.epp.package.standard.product -keyring /Users/Evan/.eclipse_keyring -showlocation

!ENTRY org.eclipse.core.net 1 0 2014-01-27 15:12:46.054
!MESSAGE System property http.nonProxyHosts has been set to local|*.local|169.254/16|*.169.254/16 by an external source. This value will be overwritten using the values from the preferences
!SESSION 2014-01-29 14:37:56.156 -----------------------------------------------
eclipse.buildId=4.3.0.M20130911-1000
java.version=1.6.0_65
java.vendor=Apple Inc.
BootLoader constants: OS=macosx, ARCH=x86, WS=cocoa, NL=en_US
Framework arguments:  -product org.eclipse.epp.package.standard.product -keyring /Users/Evan/.eclipse_keyring -showlocation
Command-line arguments:  -os macosx -ws cocoa -arch x86 -product org.eclipse.epp.package.standard.product -keyring /Users/Evan/.eclipse_keyring -showlocation

!ENTRY org.eclipse.core.net 1 0 2014-01-29 14:40:16.700
!MESSAGE System property http.nonProxyHosts has been set to local|*.local|169.254/16|*.169.254/16 by an external source. This value will be overwritten using the values from the preferences
!SESSION 2014-02-03 14:38:59.812 -----------------------------------------------
eclipse.buildId=4.3.0.M20130911-1000
java.version=1.6.0_65
java.vendor=Apple Inc.
BootLoader constants: OS=macosx, ARCH=x86, WS=cocoa, NL=en_US
Framework arguments:  -product org.eclipse.epp.package.standard.product -keyring /Users/Evan/.eclipse_keyring -showlocation
Command-line arguments:  -os macosx -ws cocoa -arch x86 -product org.eclipse.epp.package.standard.product -keyring /Users/Evan/.eclipse_keyring -showlocation

!ENTRY org.eclipse.core.net 1 0 2014-02-03 14:39:21.989
!MESSAGE System property http.nonProxyHosts has been set to local|*.local|169.254/16|*.169.254/16 by an external source. This value will be overwritten using the values from the preferences
!SESSION 2014-02-10 14:28:35.855 -----------------------------------------------
eclipse.buildId=4.3.0.M20130911-1000
java.version=1.6.0_65
java.vendor=Apple Inc.
BootLoader constants: OS=macosx, ARCH=x86, WS=cocoa, NL=en_US
Framework arguments:  -product org.eclipse.epp.package.standard.product -keyring /Users/Evan/.eclipse_keyring -showlocation
Command-line arguments:  -os macosx -ws cocoa -arch x86 -product org.eclipse.epp.package.standard.product -keyring /Users/Evan/.eclipse_keyring -showlocation

!ENTRY org.eclipse.core.net 1 0 2014-02-10 14:28:53.150
!MESSAGE System property http.nonProxyHosts has been set to local|*.local|169.254/16|*.169.254/16 by an external source. This value will be overwritten using the values from the preferences
!SESSION 2014-02-11 17:54:48.287 -----------------------------------------------
eclipse.buildId=4.3.0.M20130911-1000
java.version=1.6.0_65
java.vendor=Apple Inc.
BootLoader constants: OS=macosx, ARCH=x86, WS=cocoa, NL=en_US
Framework arguments:  -product org.eclipse.epp.package.standard.product -keyring /Users/Evan/.eclipse_keyring -showlocation
Command-line arguments:  -os macosx -ws cocoa -arch x86 -product org.eclipse.epp.package.standard.product -keyring /Users/Evan/.eclipse_keyring -showlocation

!ENTRY org.eclipse.core.net 1 0 2014-02-11 17:55:02.330
!MESSAGE System property http.nonProxyHosts has been set to local|*.local|169.254/16|*.169.254/16 by an external source. This value will be overwritten using the values from the preferences
!SESSION 2014-02-12 14:27:46.354 -----------------------------------------------
eclipse.buildId=4.3.0.M20130911-1000
java.version=1.6.0_65
java.vendor=Apple Inc.
BootLoader constants: OS=macosx, ARCH=x86, WS=cocoa, NL=en_US
Framework arguments:  -product org.eclipse.epp.package.standard.product -keyring /Users/Evan/.eclipse_keyring -showlocation
Command-line arguments:  -os macosx -ws cocoa -arch x86 -product org.eclipse.epp.package.standard.product -keyring /Users/Evan/.eclipse_keyring -showlocation

!ENTRY org.eclipse.core.net 1 0 2014-02-12 14:28:09.837
!MESSAGE System property http.nonProxyHosts has been set to local|*.local|169.254/16|*.169.254/16 by an external source. This value will be overwritten using the values from the preferences
!SESSION 2014-02-15 12:40:12.478 -----------------------------------------------
eclipse.buildId=4.3.0.M20130911-1000
java.version=1.6.0_65
java.vendor=Apple Inc.
BootLoader constants: OS=macosx, ARCH=x86, WS=cocoa, NL=en_US
Framework arguments:  -product org.eclipse.epp.package.standard.product -keyring /Users/Evan/.eclipse_keyring -showlocation
Command-line arguments:  -os macosx -ws cocoa -arch x86 -product org.eclipse.epp.package.standard.product -keyring /Users/Evan/.eclipse_keyring -showlocation

!ENTRY org.eclipse.core.net 1 0 2014-02-15 12:42:09.710
!MESSAGE System property http.nonProxyHosts has been set to local|*.local|169.254/16|*.169.254/16 by an external source. This value will be overwritten using the values from the preferences
